[2023-08-29 11:27:36] This is codeql database create out/database/S1 --language=java --command=/bin/bash -c /Users/lousix/sec/CodeQL/CodeQLpy/out/decode/run.sh --overwrite
[2023-08-29 11:27:36] Log file was started late.
[2023-08-29 11:27:36] [PROGRESS] database create> Initializing database at /Users/lousix/sec/CodeQL/CodeQLpy/out/database/S1.
[2023-08-29 11:27:36] Running plumbing command: codeql database init --overwrite --language=java --qlconfig-file=/Users/lousix/sec/CodeQL/CodeQLpy/qlconfig.yml --source-root=/Users/lousix/sec/CodeQL/CodeQLpy --allow-missing-source-root=false --allow-already-existing -- /Users/lousix/sec/CodeQL/CodeQLpy/out/database/S1
[2023-08-29 11:27:36] Calling plumbing command: codeql resolve languages --format=json
[2023-08-29 11:27:36] [DETAILS] resolve languages> Scanning for [codeql-extractor.yml] from /Users/lousix/sec/CodeQL/codeql/.codeqlmanifest.json
[2023-08-29 11:27:36] [DETAILS] resolve languages> Parsing /Users/lousix/sec/CodeQL/codeql/go/codeql-extractor.yml.
[2023-08-29 11:27:36] [DETAILS] resolve languages> Parsing /Users/lousix/sec/CodeQL/codeql/python/codeql-extractor.yml.
[2023-08-29 11:27:36] [DETAILS] resolve languages> Parsing /Users/lousix/sec/CodeQL/codeql/java/codeql-extractor.yml.
[2023-08-29 11:27:36] [DETAILS] resolve languages> Parsing /Users/lousix/sec/CodeQL/codeql/html/codeql-extractor.yml.
[2023-08-29 11:27:36] [DETAILS] resolve languages> Parsing /Users/lousix/sec/CodeQL/codeql/xml/codeql-extractor.yml.
[2023-08-29 11:27:37] [DETAILS] resolve languages> Parsing /Users/lousix/sec/CodeQL/codeql/properties/codeql-extractor.yml.
[2023-08-29 11:27:37] [DETAILS] resolve languages> Parsing /Users/lousix/sec/CodeQL/codeql/cpp/codeql-extractor.yml.
[2023-08-29 11:27:37] [DETAILS] resolve languages> Parsing /Users/lousix/sec/CodeQL/codeql/swift/codeql-extractor.yml.
[2023-08-29 11:27:37] [DETAILS] resolve languages> Parsing /Users/lousix/sec/CodeQL/codeql/csv/codeql-extractor.yml.
[2023-08-29 11:27:37] [DETAILS] resolve languages> Parsing /Users/lousix/sec/CodeQL/codeql/yaml/codeql-extractor.yml.
[2023-08-29 11:27:37] [DETAILS] resolve languages> Parsing /Users/lousix/sec/CodeQL/codeql/csharp/codeql-extractor.yml.
[2023-08-29 11:27:37] [DETAILS] resolve languages> Parsing /Users/lousix/sec/CodeQL/codeql/javascript/codeql-extractor.yml.
[2023-08-29 11:27:37] [DETAILS] resolve languages> Parsing /Users/lousix/sec/CodeQL/codeql/ruby/codeql-extractor.yml.
[2023-08-29 11:27:37] Plumbing command codeql resolve languages completed:
                      {
                        "extractors" : {
                          "go" : [
                            {
                              "extractor_root" : "/Users/lousix/sec/CodeQL/codeql/go"
                            }
                          ],
                          "python" : [
                            {
                              "extractor_root" : "/Users/lousix/sec/CodeQL/codeql/python"
                            }
                          ],
                          "java" : [
                            {
                              "extractor_root" : "/Users/lousix/sec/CodeQL/codeql/java",
                              "extractor_options" : {
                                "exclude" : {
                                  "title" : "A glob excluding files from analysis.",
                                  "description" : "A glob indicating what files to exclude from the analysis.\n",
                                  "type" : "string"
                                },
                                "add_prefer_source" : {
                                  "title" : "Whether to always prefer source files over class files.",
                                  "description" : "A value indicating whether source files should be preferred over class files. If set to 'true', the extraction adds '-Xprefer:source' to the javac command line. If set to 'false', the extraction uses the default javac behavior ('-Xprefer:newer'). The default is 'true'.\n",
                                  "type" : "string",
                                  "pattern" : "^(false|true)$"
                                }
                              }
                            }
                          ],
                          "html" : [
                            {
                              "extractor_root" : "/Users/lousix/sec/CodeQL/codeql/html"
                            }
                          ],
                          "xml" : [
                            {
                              "extractor_root" : "/Users/lousix/sec/CodeQL/codeql/xml"
                            }
                          ],
                          "properties" : [
                            {
                              "extractor_root" : "/Users/lousix/sec/CodeQL/codeql/properties"
                            }
                          ],
                          "cpp" : [
                            {
                              "extractor_root" : "/Users/lousix/sec/CodeQL/codeql/cpp"
                            }
                          ],
                          "swift" : [
                            {
                              "extractor_root" : "/Users/lousix/sec/CodeQL/codeql/swift"
                            }
                          ],
                          "csv" : [
                            {
                              "extractor_root" : "/Users/lousix/sec/CodeQL/codeql/csv"
                            }
                          ],
                          "yaml" : [
                            {
                              "extractor_root" : "/Users/lousix/sec/CodeQL/codeql/yaml"
                            }
                          ],
                          "csharp" : [
                            {
                              "extractor_root" : "/Users/lousix/sec/CodeQL/codeql/csharp",
                              "extractor_options" : {
                                "trap" : {
                                  "title" : "Options pertaining to TRAP.",
                                  "description" : "Options pertaining to TRAP.",
                                  "type" : "object",
                                  "properties" : {
                                    "compression" : {
                                      "title" : "Controls compression for the TRAP files written by the extractor.",
                                      "description" : "This option is only intended for use in debugging the extractor. Accepted values are 'brotli' (the default, to write brotli-compressed TRAP), 'gzip', and 'none' (to write uncompressed TRAP).\n",
                                      "type" : "string",
                                      "pattern" : "^(none|gzip|brotli)$"
                                    }
                                  }
                                },
                                "buildless" : {
                                  "title" : "Whether to use buildless (standalone) extraction.",
                                  "description" : "A value indicating, which type of extraction the autobuilder should perform. If 'true', then the standalone extractor will be used, otherwise tracing extraction will be performed. The default is 'false'. Note that buildless extraction will generally yield less accurate analysis results, and should only be used in cases where it is not possible to build the code (for example if it uses inaccessible dependencies).\n",
                                  "type" : "string",
                                  "pattern" : "^(false|true)$"
                                },
                                "cil" : {
                                  "title" : "Whether to enable CIL extraction.",
                                  "description" : "A value indicating, whether CIL extraction should be enabled. The default is 'true'.\n",
                                  "type" : "string",
                                  "pattern" : "^(false|true)$"
                                }
                              }
                            }
                          ],
                          "javascript" : [
                            {
                              "extractor_root" : "/Users/lousix/sec/CodeQL/codeql/javascript",
                              "extractor_options" : { }
                            }
                          ],
                          "ruby" : [
                            {
                              "extractor_root" : "/Users/lousix/sec/CodeQL/codeql/ruby",
                              "extractor_options" : {
                                "trap" : {
                                  "title" : "Options pertaining to TRAP.",
                                  "description" : "Options pertaining to TRAP.",
                                  "type" : "object",
                                  "properties" : {
                                    "compression" : {
                                      "title" : "Controls compression for the TRAP files written by the extractor.",
                                      "description" : "This option is only intended for use in debugging the extractor. Accepted values are 'gzip' (the default, to write gzip-compressed TRAP) and 'none' (to write uncompressed TRAP).\n",
                                      "type" : "string",
                                      "pattern" : "^(none|gzip)$"
                                    }
                                  }
                                }
                              }
                            }
                          ]
                        }
                      }
[2023-08-29 11:27:37] [PROGRESS] database init> Calculating baseline information in /Users/lousix/sec/CodeQL/CodeQLpy
[2023-08-29 11:27:37] [SPAMMY] database init> Ignoring the following directories when processing baseline information: .git, .hg, .svn.
[2023-08-29 11:27:37] [DETAILS] database init> Running command in /Users/lousix/sec/CodeQL/CodeQLpy: /Users/lousix/sec/CodeQL/codeql/tools/osx64/scc --by-file --exclude-dir .git,.hg,.svn --format json --no-large --no-min .
[2023-08-29 11:27:37] [SPAMMY] database init> Found 24 baseline files for python.
[2023-08-29 11:27:37] [PROGRESS] database init> Calculated baseline information for languages: python (76ms).
[2023-08-29 11:27:37] [PROGRESS] database init> Resolving extractor java.
[2023-08-29 11:27:37] [DETAILS] database init> Found candidate extractor root for java: /Users/lousix/sec/CodeQL/codeql/java.
[2023-08-29 11:27:37] [PROGRESS] database init> Successfully loaded extractor Java (java) from /Users/lousix/sec/CodeQL/codeql/java.
[2023-08-29 11:27:37] [PROGRESS] database init> Created skeleton CodeQL database at /Users/lousix/sec/CodeQL/CodeQLpy/out/database/S1. This in-progress database is ready to be populated by an extractor.
[2023-08-29 11:27:37] Plumbing command codeql database init completed.
[2023-08-29 11:27:37] [PROGRESS] database create> Running build command: [/bin/bash, -c, /Users/lousix/sec/CodeQL/CodeQLpy/out/decode/run.sh]
[2023-08-29 11:27:37] Running plumbing command: codeql database trace-command --working-dir=/Users/lousix/sec/CodeQL/CodeQLpy --index-traceless-dbs --no-db-cluster -- /Users/lousix/sec/CodeQL/CodeQLpy/out/database/S1 /bin/bash -c /Users/lousix/sec/CodeQL/CodeQLpy/out/decode/run.sh
[2023-08-29 11:27:37] [PROGRESS] database trace-command> Running command in /Users/lousix/sec/CodeQL/CodeQLpy: [/bin/bash, -c, /Users/lousix/sec/CodeQL/CodeQLpy/out/decode/run.sh]
[2023-08-29 11:27:38] [build-stderr] /bin/bash: /Users/lousix/sec/CodeQL/CodeQLpy/out/decode/run.sh: No such file or directory
[2023-08-29 11:27:38] [ERROR] Spawned process exited abnormally (code 127; tried to run: [/Users/lousix/sec/CodeQL/codeql/tools/osx64/preload_tracer, /bin/bash, -c, /Users/lousix/sec/CodeQL/CodeQLpy/out/decode/run.sh])
[2023-08-29 11:27:38] Exception caught at top level: Exit status 127 from command: [/bin/bash, -c, /Users/lousix/sec/CodeQL/CodeQLpy/out/decode/run.sh]
                      com.semmle.cli2.Commandline.executeAndCheckResult(Commandline.java:170)
                      com.semmle.cli2.Commandline.runWithoutReturn(Commandline.java:123)
                      com.semmle.cli2.database.DatabaseProcessCommandCommon.executeSubcommand(DatabaseProcessCommandCommon.java:216)
                      com.semmle.cli2.database.TraceCommandCommand.executeSubcommand(TraceCommandCommand.java:110)
                      com.semmle.cli2.picocli.SubcommandCommon.lambda$executeSubcommandWithMessages$2(SubcommandCommon.java:645)
                      com.semmle.cli2.picocli.SubcommandCommon.withCompilationMessages(SubcommandCommon.java:412)
                      com.semmle.cli2.picocli.SubcommandCommon.executeSubcommandWithMessages(SubcommandCommon.java:643)
                      com.semmle.cli2.picocli.PlumbingRunner.run(PlumbingRunner.java:111)
                      com.semmle.cli2.picocli.SubcommandCommon.runPlumbingInProcess(SubcommandCommon.java:191)
                      com.semmle.cli2.database.CreateCommand.executeSubcommand(CreateCommand.java:176)
                      com.semmle.cli2.picocli.SubcommandCommon.lambda$executeSubcommandWithMessages$2(SubcommandCommon.java:645)
                      com.semmle.cli2.picocli.SubcommandCommon.withCompilationMessages(SubcommandCommon.java:412)
                      com.semmle.cli2.picocli.SubcommandCommon.executeSubcommandWithMessages(SubcommandCommon.java:643)
                      com.semmle.cli2.picocli.SubcommandCommon.call(SubcommandCommon.java:562)
                      com.semmle.cli2.picocli.SubcommandMaker.runMain(SubcommandMaker.java:223)
                      com.semmle.cli2.picocli.SubcommandMaker.runMain(SubcommandMaker.java:233)
                      com.semmle.cli2.CodeQL.main(CodeQL.java:113)
